2024-01-07 17:22:36,936:WARNING:
'cuml' is a soft dependency and not included in the pycaret installation. Please run: `pip install cuml` to install.
2024-01-07 17:22:36,936:WARNING:
'cuml' is a soft dependency and not included in the pycaret installation. Please run: `pip install cuml` to install.
2024-01-07 17:22:36,936:WARNING:
'cuml' is a soft dependency and not included in the pycaret installation. Please run: `pip install cuml` to install.
2024-01-07 17:22:36,936:WARNING:
'cuml' is a soft dependency and not included in the pycaret installation. Please run: `pip install cuml` to install.
2024-01-07 17:22:37,744:INFO:Initializing load_model()
2024-01-07 17:22:37,744:INFO:load_model(model_name=C:/Users/lhmedina/Downloads/DataKnow/Prueba_Tecnica/Punto 6/API/Model_Prod_P6/model_prod.pkl, platform=None, authentication=None, verbose=True)
2024-01-07 17:23:11,543:WARNING:
'cuml' is a soft dependency and not included in the pycaret installation. Please run: `pip install cuml` to install.
2024-01-07 17:23:11,543:WARNING:
'cuml' is a soft dependency and not included in the pycaret installation. Please run: `pip install cuml` to install.
2024-01-07 17:23:11,543:WARNING:
'cuml' is a soft dependency and not included in the pycaret installation. Please run: `pip install cuml` to install.
2024-01-07 17:23:11,544:WARNING:
'cuml' is a soft dependency and not included in the pycaret installation. Please run: `pip install cuml` to install.
2024-01-07 17:23:12,939:INFO:Initializing load_model()
2024-01-07 17:23:12,940:INFO:load_model(model_name=C:/Users/lhmedina/Downloads/DataKnow/Prueba_Tecnica/Punto 6/API/Model_Prod_P6/model_prod, platform=None, authentication=None, verbose=True)
2024-01-07 17:27:55,159:WARNING:
'cuml' is a soft dependency and not included in the pycaret installation. Please run: `pip install cuml` to install.
2024-01-07 17:27:55,159:WARNING:
'cuml' is a soft dependency and not included in the pycaret installation. Please run: `pip install cuml` to install.
2024-01-07 17:27:55,159:WARNING:
'cuml' is a soft dependency and not included in the pycaret installation. Please run: `pip install cuml` to install.
2024-01-07 17:27:55,159:WARNING:
'cuml' is a soft dependency and not included in the pycaret installation. Please run: `pip install cuml` to install.
2024-01-07 17:27:55,958:INFO:Initializing load_model()
2024-01-07 17:27:55,958:INFO:load_model(model_name=/mnt/c/Users/lhmedina/Downloads/DataKnow/Prueba_Tecnica/Punto 6/API/Model_Prod_P6/model_prod, platform=None, authentication=None, verbose=True)
2024-01-07 17:27:56,026:WARNING:/mnt/c/Users/lhmedina/Downloads/DataKnow/Prueba_Tecnica/Punto 6/API/api/lib/python3.10/site-packages/pycaret/internal/pipeline.py:145: UserWarning: Version mismatch:
current: {'deps_info': {'pip': '23.3.1', 'setuptools': '69.0.2', 'pycaret': '3.2.0', 'IPython': '8.19.0', 'ipywidgets': '8.1.1', 'tqdm': '4.66.1', 'numpy': '1.25.2', 'pandas': '1.5.3', 'jinja2': '3.1.2', 'scipy': '1.10.1', 'joblib': '1.3.2', 'sklearn': '1.2.2', 'pyod': '1.1.2', 'imblearn': '0.11.0', 'category_encoders': '2.6.3', 'lightgbm': '4.2.0', 'numba': '0.58.1', 'requests': '2.31.0', 'matplotlib': '3.6.0', 'scikitplot': '0.3.7', 'yellowbrick': '1.5', 'plotly': '5.18.0', 'plotly-resampler': 'Not installed', 'kaleido': '0.2.1', 'schemdraw': '0.15', 'statsmodels': '0.14.1', 'sktime': '0.21.1', 'tbats': '1.1.3', 'pmdarima': '2.0.4', 'psutil': '5.9.7', 'markupsafe': '2.1.3', 'pickle5': 'Not installed', 'cloudpickle': '3.0.0', 'deprecation': '2.1.0', 'xxhash': '3.4.1', 'wurlitzer': '3.0.3'}, 'python': {'version': '3.10.9', 'machine': 'x86_64'}}
pickle: {'deps_info': {'pip': '23.1.2', 'setuptools': '67.7.2', 'pycaret': '3.2.0', 'IPython': '7.34.0', 'ipywidgets': '7.7.1', 'tqdm': '4.66.1', 'numpy': '1.23.5', 'pandas': '1.5.3', 'jinja2': '3.1.2', 'scipy': '1.10.1', 'joblib': '1.3.2', 'sklearn': '1.2.2', 'pyod': '1.1.2', 'imblearn': '0.10.1', 'category_encoders': '2.6.3', 'lightgbm': '4.1.0', 'numba': '0.58.1', 'requests': '2.31.0', 'matplotlib': '3.6.0', 'scikitplot': '0.3.7', 'yellowbrick': '1.5', 'plotly': '5.15.0', 'plotly-resampler': 'Not installed', 'kaleido': '0.2.1', 'schemdraw': '0.15', 'statsmodels': '0.14.1', 'sktime': '0.21.1', 'tbats': '1.1.3', 'pmdarima': '2.0.4', 'psutil': '5.9.5', 'markupsafe': '2.1.3', 'pickle5': 'Not installed', 'cloudpickle': '2.2.1', 'deprecation': '2.1.0', 'xxhash': '3.4.1', 'wurlitzer': '3.0.3'}, 'python': {'version': '3.10.12', 'machine': 'x86_64'}}
  warnings.warn(

2024-01-07 17:28:34,531:WARNING:
'cuml' is a soft dependency and not included in the pycaret installation. Please run: `pip install cuml` to install.
2024-01-07 17:28:34,532:WARNING:
'cuml' is a soft dependency and not included in the pycaret installation. Please run: `pip install cuml` to install.
2024-01-07 17:28:34,532:WARNING:
'cuml' is a soft dependency and not included in the pycaret installation. Please run: `pip install cuml` to install.
2024-01-07 17:28:34,532:WARNING:
'cuml' is a soft dependency and not included in the pycaret installation. Please run: `pip install cuml` to install.
2024-01-07 17:28:35,590:INFO:Initializing load_model()
2024-01-07 17:28:35,590:INFO:load_model(model_name=/mnt/c/Users/lhmedina/Downloads/DataKnow/Prueba_Tecnica/Punto 6/API/Model_Prod_P6/model_prod, platform=None, authentication=None, verbose=True)
2024-01-07 17:28:35,677:WARNING:/mnt/c/Users/lhmedina/Downloads/DataKnow/Prueba_Tecnica/Punto 6/API/api/lib/python3.10/site-packages/pycaret/internal/pipeline.py:145: UserWarning: Version mismatch:
current: {'deps_info': {'pip': '23.3.1', 'setuptools': '69.0.2', 'pycaret': '3.2.0', 'IPython': '8.19.0', 'ipywidgets': '8.1.1', 'tqdm': '4.66.1', 'numpy': '1.25.2', 'pandas': '1.5.3', 'jinja2': '3.1.2', 'scipy': '1.10.1', 'joblib': '1.3.2', 'sklearn': '1.2.2', 'pyod': '1.1.2', 'imblearn': '0.11.0', 'category_encoders': '2.6.3', 'lightgbm': '4.2.0', 'numba': '0.58.1', 'requests': '2.31.0', 'matplotlib': '3.6.0', 'scikitplot': '0.3.7', 'yellowbrick': '1.5', 'plotly': '5.18.0', 'plotly-resampler': 'Not installed', 'kaleido': '0.2.1', 'schemdraw': '0.15', 'statsmodels': '0.14.1', 'sktime': '0.21.1', 'tbats': '1.1.3', 'pmdarima': '2.0.4', 'psutil': '5.9.7', 'markupsafe': '2.1.3', 'pickle5': 'Not installed', 'cloudpickle': '3.0.0', 'deprecation': '2.1.0', 'xxhash': '3.4.1', 'wurlitzer': '3.0.3'}, 'python': {'version': '3.10.9', 'machine': 'x86_64'}}
pickle: {'deps_info': {'pip': '23.1.2', 'setuptools': '67.7.2', 'pycaret': '3.2.0', 'IPython': '7.34.0', 'ipywidgets': '7.7.1', 'tqdm': '4.66.1', 'numpy': '1.23.5', 'pandas': '1.5.3', 'jinja2': '3.1.2', 'scipy': '1.10.1', 'joblib': '1.3.2', 'sklearn': '1.2.2', 'pyod': '1.1.2', 'imblearn': '0.10.1', 'category_encoders': '2.6.3', 'lightgbm': '4.1.0', 'numba': '0.58.1', 'requests': '2.31.0', 'matplotlib': '3.6.0', 'scikitplot': '0.3.7', 'yellowbrick': '1.5', 'plotly': '5.15.0', 'plotly-resampler': 'Not installed', 'kaleido': '0.2.1', 'schemdraw': '0.15', 'statsmodels': '0.14.1', 'sktime': '0.21.1', 'tbats': '1.1.3', 'pmdarima': '2.0.4', 'psutil': '5.9.5', 'markupsafe': '2.1.3', 'pickle5': 'Not installed', 'cloudpickle': '2.2.1', 'deprecation': '2.1.0', 'xxhash': '3.4.1', 'wurlitzer': '3.0.3'}, 'python': {'version': '3.10.12', 'machine': 'x86_64'}}
  warnings.warn(

2024-01-07 17:28:52,666:INFO:Initializing predict_model()
2024-01-07 17:28:52,666:INFO:predict_model(self=<pycaret.classification.oop.ClassificationExperiment object at 0x7f8542936b30>, estimator=Pipeline(memory=Memory(location=None),
         steps=[('numerical_imputer',
                 TransformerWrapper(include=['INGRESOS', 'EGRESOS',
                                             'Dist_Mean_NAL', 'Dist_sum_NAL',
                                             'FECHA_VIN', 'FECHA',
                                             'OFICINA_VIN', 'VALOR', 'HORA_AUX',
                                             'EDAD'],
                                    transformer=SimpleImputer())),
                ('categorical_imputer',
                 TransformerWrapper(include=[],
                                    transformer=SimpleImputer(strategy='most_frequent'))),
                ('trained_model', LGBMClassifier(n_jobs=-1, random_state=0))]), probability_threshold=None, encoded_labels=False, raw_score=False, round=4, verbose=True, ml_usecase=None, preprocess=True, encode_labels=<function _SupervisedExperiment.predict_model.<locals>.encode_labels at 0x7f854291e680>)
2024-01-07 17:28:52,666:INFO:Checking exceptions
2024-01-07 17:28:52,666:INFO:Preloading libraries
2024-01-07 17:28:52,666:INFO:Set up data.
2024-01-07 17:28:52,667:WARNING:/mnt/c/Users/lhmedina/Downloads/DataKnow/Prueba_Tecnica/Punto 6/API/api/lib/python3.10/site-packages/numpy/core/getlimits.py:542: UserWarning: Signature b'\x00\xd0\xcc\xcc\xcc\xcc\xcc\xcc\xfb\xbf\x00\x00\x00\x00\x00\x00' for <class 'numpy.longdouble'> does not match any known type: falling back to type probe function.
This warnings indicates broken support for the dtype!
  machar = _get_machar(dtype)

2024-01-07 17:28:52,783:INFO:Set up index.
2024-01-07 17:30:29,423:WARNING:
'cuml' is a soft dependency and not included in the pycaret installation. Please run: `pip install cuml` to install.
2024-01-07 17:30:29,423:WARNING:
'cuml' is a soft dependency and not included in the pycaret installation. Please run: `pip install cuml` to install.
2024-01-07 17:30:29,423:WARNING:
'cuml' is a soft dependency and not included in the pycaret installation. Please run: `pip install cuml` to install.
2024-01-07 17:30:29,423:WARNING:
'cuml' is a soft dependency and not included in the pycaret installation. Please run: `pip install cuml` to install.
2024-01-07 17:30:30,558:INFO:Initializing load_model()
2024-01-07 17:30:30,559:INFO:load_model(model_name=/mnt/c/Users/lhmedina/Downloads/DataKnow/Prueba_Tecnica/Punto 6/API/Model_Prod_P6/model_prod, platform=None, authentication=None, verbose=True)
2024-01-07 17:30:30,652:WARNING:/mnt/c/Users/lhmedina/Downloads/DataKnow/Prueba_Tecnica/Punto 6/API/api/lib/python3.10/site-packages/pycaret/internal/pipeline.py:145: UserWarning: Version mismatch:
current: {'deps_info': {'pip': '23.3.1', 'setuptools': '69.0.2', 'pycaret': '3.2.0', 'IPython': '8.19.0', 'ipywidgets': '8.1.1', 'tqdm': '4.66.1', 'numpy': '1.25.2', 'pandas': '1.5.3', 'jinja2': '3.1.2', 'scipy': '1.10.1', 'joblib': '1.3.2', 'sklearn': '1.2.2', 'pyod': '1.1.2', 'imblearn': '0.11.0', 'category_encoders': '2.6.3', 'lightgbm': '4.2.0', 'numba': '0.58.1', 'requests': '2.31.0', 'matplotlib': '3.6.0', 'scikitplot': '0.3.7', 'yellowbrick': '1.5', 'plotly': '5.18.0', 'plotly-resampler': 'Not installed', 'kaleido': '0.2.1', 'schemdraw': '0.15', 'statsmodels': '0.14.1', 'sktime': '0.21.1', 'tbats': '1.1.3', 'pmdarima': '2.0.4', 'psutil': '5.9.7', 'markupsafe': '2.1.3', 'pickle5': 'Not installed', 'cloudpickle': '3.0.0', 'deprecation': '2.1.0', 'xxhash': '3.4.1', 'wurlitzer': '3.0.3'}, 'python': {'version': '3.10.9', 'machine': 'x86_64'}}
pickle: {'deps_info': {'pip': '23.1.2', 'setuptools': '67.7.2', 'pycaret': '3.2.0', 'IPython': '7.34.0', 'ipywidgets': '7.7.1', 'tqdm': '4.66.1', 'numpy': '1.23.5', 'pandas': '1.5.3', 'jinja2': '3.1.2', 'scipy': '1.10.1', 'joblib': '1.3.2', 'sklearn': '1.2.2', 'pyod': '1.1.2', 'imblearn': '0.10.1', 'category_encoders': '2.6.3', 'lightgbm': '4.1.0', 'numba': '0.58.1', 'requests': '2.31.0', 'matplotlib': '3.6.0', 'scikitplot': '0.3.7', 'yellowbrick': '1.5', 'plotly': '5.15.0', 'plotly-resampler': 'Not installed', 'kaleido': '0.2.1', 'schemdraw': '0.15', 'statsmodels': '0.14.1', 'sktime': '0.21.1', 'tbats': '1.1.3', 'pmdarima': '2.0.4', 'psutil': '5.9.5', 'markupsafe': '2.1.3', 'pickle5': 'Not installed', 'cloudpickle': '2.2.1', 'deprecation': '2.1.0', 'xxhash': '3.4.1', 'wurlitzer': '3.0.3'}, 'python': {'version': '3.10.12', 'machine': 'x86_64'}}
  warnings.warn(

2024-01-07 17:32:35,987:WARNING:
'cuml' is a soft dependency and not included in the pycaret installation. Please run: `pip install cuml` to install.
2024-01-07 17:32:35,987:WARNING:
'cuml' is a soft dependency and not included in the pycaret installation. Please run: `pip install cuml` to install.
2024-01-07 17:32:35,987:WARNING:
'cuml' is a soft dependency and not included in the pycaret installation. Please run: `pip install cuml` to install.
2024-01-07 17:32:35,987:WARNING:
'cuml' is a soft dependency and not included in the pycaret installation. Please run: `pip install cuml` to install.
2024-01-07 17:32:37,171:INFO:Initializing load_model()
2024-01-07 17:32:37,171:INFO:load_model(model_name=/mnt/c/Users/lhmedina/Downloads/DataKnow/Prueba_Tecnica/Punto 6/API/Model_Prod_P6/model_prod, platform=None, authentication=None, verbose=True)
2024-01-07 17:32:37,257:WARNING:/mnt/c/Users/lhmedina/Downloads/DataKnow/Prueba_Tecnica/Punto 6/API/api/lib/python3.10/site-packages/pycaret/internal/pipeline.py:145: UserWarning: Version mismatch:
current: {'deps_info': {'pip': '23.3.1', 'setuptools': '69.0.2', 'pycaret': '3.2.0', 'IPython': '8.19.0', 'ipywidgets': '8.1.1', 'tqdm': '4.66.1', 'numpy': '1.25.2', 'pandas': '1.5.3', 'jinja2': '3.1.2', 'scipy': '1.10.1', 'joblib': '1.3.2', 'sklearn': '1.2.2', 'pyod': '1.1.2', 'imblearn': '0.11.0', 'category_encoders': '2.6.3', 'lightgbm': '4.2.0', 'numba': '0.58.1', 'requests': '2.31.0', 'matplotlib': '3.6.0', 'scikitplot': '0.3.7', 'yellowbrick': '1.5', 'plotly': '5.18.0', 'plotly-resampler': 'Not installed', 'kaleido': '0.2.1', 'schemdraw': '0.15', 'statsmodels': '0.14.1', 'sktime': '0.21.1', 'tbats': '1.1.3', 'pmdarima': '2.0.4', 'psutil': '5.9.7', 'markupsafe': '2.1.3', 'pickle5': 'Not installed', 'cloudpickle': '3.0.0', 'deprecation': '2.1.0', 'xxhash': '3.4.1', 'wurlitzer': '3.0.3'}, 'python': {'version': '3.10.9', 'machine': 'x86_64'}}
pickle: {'deps_info': {'pip': '23.1.2', 'setuptools': '67.7.2', 'pycaret': '3.2.0', 'IPython': '7.34.0', 'ipywidgets': '7.7.1', 'tqdm': '4.66.1', 'numpy': '1.23.5', 'pandas': '1.5.3', 'jinja2': '3.1.2', 'scipy': '1.10.1', 'joblib': '1.3.2', 'sklearn': '1.2.2', 'pyod': '1.1.2', 'imblearn': '0.10.1', 'category_encoders': '2.6.3', 'lightgbm': '4.1.0', 'numba': '0.58.1', 'requests': '2.31.0', 'matplotlib': '3.6.0', 'scikitplot': '0.3.7', 'yellowbrick': '1.5', 'plotly': '5.15.0', 'plotly-resampler': 'Not installed', 'kaleido': '0.2.1', 'schemdraw': '0.15', 'statsmodels': '0.14.1', 'sktime': '0.21.1', 'tbats': '1.1.3', 'pmdarima': '2.0.4', 'psutil': '5.9.5', 'markupsafe': '2.1.3', 'pickle5': 'Not installed', 'cloudpickle': '2.2.1', 'deprecation': '2.1.0', 'xxhash': '3.4.1', 'wurlitzer': '3.0.3'}, 'python': {'version': '3.10.12', 'machine': 'x86_64'}}
  warnings.warn(

2024-01-07 17:34:39,655:WARNING:
'cuml' is a soft dependency and not included in the pycaret installation. Please run: `pip install cuml` to install.
2024-01-07 17:34:39,656:WARNING:
'cuml' is a soft dependency and not included in the pycaret installation. Please run: `pip install cuml` to install.
2024-01-07 17:34:39,656:WARNING:
'cuml' is a soft dependency and not included in the pycaret installation. Please run: `pip install cuml` to install.
2024-01-07 17:34:39,656:WARNING:
'cuml' is a soft dependency and not included in the pycaret installation. Please run: `pip install cuml` to install.
2024-01-07 17:34:40,876:INFO:Initializing load_model()
2024-01-07 17:34:40,876:INFO:load_model(model_name=/mnt/c/Users/lhmedina/Downloads/DataKnow/Prueba_Tecnica/Punto 6/API/Model_Prod_P6/model_prod, platform=None, authentication=None, verbose=True)
2024-01-07 17:34:40,977:WARNING:/mnt/c/Users/lhmedina/Downloads/DataKnow/Prueba_Tecnica/Punto 6/API/api/lib/python3.10/site-packages/pycaret/internal/pipeline.py:145: UserWarning: Version mismatch:
current: {'deps_info': {'pip': '23.3.1', 'setuptools': '69.0.2', 'pycaret': '3.2.0', 'IPython': '8.19.0', 'ipywidgets': '8.1.1', 'tqdm': '4.66.1', 'numpy': '1.25.2', 'pandas': '1.5.3', 'jinja2': '3.1.2', 'scipy': '1.10.1', 'joblib': '1.3.2', 'sklearn': '1.2.2', 'pyod': '1.1.2', 'imblearn': '0.11.0', 'category_encoders': '2.6.3', 'lightgbm': '4.2.0', 'numba': '0.58.1', 'requests': '2.31.0', 'matplotlib': '3.6.0', 'scikitplot': '0.3.7', 'yellowbrick': '1.5', 'plotly': '5.18.0', 'plotly-resampler': 'Not installed', 'kaleido': '0.2.1', 'schemdraw': '0.15', 'statsmodels': '0.14.1', 'sktime': '0.21.1', 'tbats': '1.1.3', 'pmdarima': '2.0.4', 'psutil': '5.9.7', 'markupsafe': '2.1.3', 'pickle5': 'Not installed', 'cloudpickle': '3.0.0', 'deprecation': '2.1.0', 'xxhash': '3.4.1', 'wurlitzer': '3.0.3'}, 'python': {'version': '3.10.9', 'machine': 'x86_64'}}
pickle: {'deps_info': {'pip': '23.1.2', 'setuptools': '67.7.2', 'pycaret': '3.2.0', 'IPython': '7.34.0', 'ipywidgets': '7.7.1', 'tqdm': '4.66.1', 'numpy': '1.23.5', 'pandas': '1.5.3', 'jinja2': '3.1.2', 'scipy': '1.10.1', 'joblib': '1.3.2', 'sklearn': '1.2.2', 'pyod': '1.1.2', 'imblearn': '0.10.1', 'category_encoders': '2.6.3', 'lightgbm': '4.1.0', 'numba': '0.58.1', 'requests': '2.31.0', 'matplotlib': '3.6.0', 'scikitplot': '0.3.7', 'yellowbrick': '1.5', 'plotly': '5.15.0', 'plotly-resampler': 'Not installed', 'kaleido': '0.2.1', 'schemdraw': '0.15', 'statsmodels': '0.14.1', 'sktime': '0.21.1', 'tbats': '1.1.3', 'pmdarima': '2.0.4', 'psutil': '5.9.5', 'markupsafe': '2.1.3', 'pickle5': 'Not installed', 'cloudpickle': '2.2.1', 'deprecation': '2.1.0', 'xxhash': '3.4.1', 'wurlitzer': '3.0.3'}, 'python': {'version': '3.10.12', 'machine': 'x86_64'}}
  warnings.warn(

2024-01-07 17:34:49,551:INFO:Initializing predict_model()
2024-01-07 17:34:49,551:INFO:predict_model(self=<pycaret.classification.oop.ClassificationExperiment object at 0x7fc141a52920>, estimator=Pipeline(memory=Memory(location=None),
         steps=[('numerical_imputer',
                 TransformerWrapper(include=['INGRESOS', 'EGRESOS',
                                             'Dist_Mean_NAL', 'Dist_sum_NAL',
                                             'FECHA_VIN', 'FECHA',
                                             'OFICINA_VIN', 'VALOR', 'HORA_AUX',
                                             'EDAD'],
                                    transformer=SimpleImputer())),
                ('categorical_imputer',
                 TransformerWrapper(include=[],
                                    transformer=SimpleImputer(strategy='most_frequent'))),
                ('trained_model', LGBMClassifier(n_jobs=-1, random_state=0))]), probability_threshold=None, encoded_labels=False, raw_score=False, round=4, verbose=True, ml_usecase=None, preprocess=True, encode_labels=<function _SupervisedExperiment.predict_model.<locals>.encode_labels at 0x7fc141a46170>)
2024-01-07 17:34:49,551:INFO:Checking exceptions
2024-01-07 17:34:49,551:INFO:Preloading libraries
2024-01-07 17:34:49,551:INFO:Set up data.
2024-01-07 17:34:49,552:WARNING:/mnt/c/Users/lhmedina/Downloads/DataKnow/Prueba_Tecnica/Punto 6/API/api/lib/python3.10/site-packages/numpy/core/getlimits.py:542: UserWarning: Signature b'\x00\xd0\xcc\xcc\xcc\xcc\xcc\xcc\xfb\xbf\x00\x00\x00\x00\x00\x00' for <class 'numpy.longdouble'> does not match any known type: falling back to type probe function.
This warnings indicates broken support for the dtype!
  machar = _get_machar(dtype)

2024-01-07 17:34:49,648:INFO:Set up index.
2024-01-07 17:35:19,230:WARNING:
'cuml' is a soft dependency and not included in the pycaret installation. Please run: `pip install cuml` to install.
2024-01-07 17:35:19,231:WARNING:
'cuml' is a soft dependency and not included in the pycaret installation. Please run: `pip install cuml` to install.
2024-01-07 17:35:19,231:WARNING:
'cuml' is a soft dependency and not included in the pycaret installation. Please run: `pip install cuml` to install.
2024-01-07 17:35:19,231:WARNING:
'cuml' is a soft dependency and not included in the pycaret installation. Please run: `pip install cuml` to install.
2024-01-07 17:35:20,174:INFO:Initializing load_model()
2024-01-07 17:35:20,174:INFO:load_model(model_name=/mnt/c/Users/lhmedina/Downloads/DataKnow/Prueba_Tecnica/Punto 6/API/Model_Prod_P6/model_prod, platform=None, authentication=None, verbose=True)
2024-01-07 17:35:20,259:WARNING:/mnt/c/Users/lhmedina/Downloads/DataKnow/Prueba_Tecnica/Punto 6/API/api/lib/python3.10/site-packages/pycaret/internal/pipeline.py:145: UserWarning: Version mismatch:
current: {'deps_info': {'pip': '23.3.1', 'setuptools': '69.0.2', 'pycaret': '3.2.0', 'IPython': '8.19.0', 'ipywidgets': '8.1.1', 'tqdm': '4.66.1', 'numpy': '1.25.2', 'pandas': '1.5.3', 'jinja2': '3.1.2', 'scipy': '1.10.1', 'joblib': '1.3.2', 'sklearn': '1.2.2', 'pyod': '1.1.2', 'imblearn': '0.11.0', 'category_encoders': '2.6.3', 'lightgbm': '4.2.0', 'numba': '0.58.1', 'requests': '2.31.0', 'matplotlib': '3.6.0', 'scikitplot': '0.3.7', 'yellowbrick': '1.5', 'plotly': '5.18.0', 'plotly-resampler': 'Not installed', 'kaleido': '0.2.1', 'schemdraw': '0.15', 'statsmodels': '0.14.1', 'sktime': '0.21.1', 'tbats': '1.1.3', 'pmdarima': '2.0.4', 'psutil': '5.9.7', 'markupsafe': '2.1.3', 'pickle5': 'Not installed', 'cloudpickle': '3.0.0', 'deprecation': '2.1.0', 'xxhash': '3.4.1', 'wurlitzer': '3.0.3'}, 'python': {'version': '3.10.9', 'machine': 'x86_64'}}
pickle: {'deps_info': {'pip': '23.1.2', 'setuptools': '67.7.2', 'pycaret': '3.2.0', 'IPython': '7.34.0', 'ipywidgets': '7.7.1', 'tqdm': '4.66.1', 'numpy': '1.23.5', 'pandas': '1.5.3', 'jinja2': '3.1.2', 'scipy': '1.10.1', 'joblib': '1.3.2', 'sklearn': '1.2.2', 'pyod': '1.1.2', 'imblearn': '0.10.1', 'category_encoders': '2.6.3', 'lightgbm': '4.1.0', 'numba': '0.58.1', 'requests': '2.31.0', 'matplotlib': '3.6.0', 'scikitplot': '0.3.7', 'yellowbrick': '1.5', 'plotly': '5.15.0', 'plotly-resampler': 'Not installed', 'kaleido': '0.2.1', 'schemdraw': '0.15', 'statsmodels': '0.14.1', 'sktime': '0.21.1', 'tbats': '1.1.3', 'pmdarima': '2.0.4', 'psutil': '5.9.5', 'markupsafe': '2.1.3', 'pickle5': 'Not installed', 'cloudpickle': '2.2.1', 'deprecation': '2.1.0', 'xxhash': '3.4.1', 'wurlitzer': '3.0.3'}, 'python': {'version': '3.10.12', 'machine': 'x86_64'}}
  warnings.warn(

2024-01-07 17:35:26,505:INFO:Initializing predict_model()
2024-01-07 17:35:26,505:INFO:predict_model(self=<pycaret.classification.oop.ClassificationExperiment object at 0x7fc4d0620b50>, estimator=Pipeline(memory=Memory(location=None),
         steps=[('numerical_imputer',
                 TransformerWrapper(include=['INGRESOS', 'EGRESOS',
                                             'Dist_Mean_NAL', 'Dist_sum_NAL',
                                             'FECHA_VIN', 'FECHA',
                                             'OFICINA_VIN', 'VALOR', 'HORA_AUX',
                                             'EDAD'],
                                    transformer=SimpleImputer())),
                ('categorical_imputer',
                 TransformerWrapper(include=[],
                                    transformer=SimpleImputer(strategy='most_frequent'))),
                ('trained_model', LGBMClassifier(n_jobs=-1, random_state=0))]), probability_threshold=None, encoded_labels=False, raw_score=False, round=4, verbose=True, ml_usecase=None, preprocess=True, encode_labels=<function _SupervisedExperiment.predict_model.<locals>.encode_labels at 0x7fc4d0616200>)
2024-01-07 17:35:26,505:INFO:Checking exceptions
2024-01-07 17:35:26,505:INFO:Preloading libraries
2024-01-07 17:35:26,505:INFO:Set up data.
2024-01-07 17:35:26,507:WARNING:/mnt/c/Users/lhmedina/Downloads/DataKnow/Prueba_Tecnica/Punto 6/API/api/lib/python3.10/site-packages/numpy/core/getlimits.py:542: UserWarning: Signature b'\x00\xd0\xcc\xcc\xcc\xcc\xcc\xcc\xfb\xbf\x00\x00\x00\x00\x00\x00' for <class 'numpy.longdouble'> does not match any known type: falling back to type probe function.
This warnings indicates broken support for the dtype!
  machar = _get_machar(dtype)

2024-01-07 17:35:26,621:INFO:Set up index.
2024-01-07 17:37:10,151:INFO:Initializing predict_model()
2024-01-07 17:37:10,151:INFO:predict_model(self=<pycaret.classification.oop.ClassificationExperiment object at 0x7fc4d0620c70>, estimator=Pipeline(memory=Memory(location=None),
         steps=[('numerical_imputer',
                 TransformerWrapper(include=['INGRESOS', 'EGRESOS',
                                             'Dist_Mean_NAL', 'Dist_sum_NAL',
                                             'FECHA_VIN', 'FECHA',
                                             'OFICINA_VIN', 'VALOR', 'HORA_AUX',
                                             'EDAD'],
                                    transformer=SimpleImputer())),
                ('categorical_imputer',
                 TransformerWrapper(include=[],
                                    transformer=SimpleImputer(strategy='most_frequent'))),
                ('trained_model', LGBMClassifier(n_jobs=-1, random_state=0))]), probability_threshold=None, encoded_labels=False, raw_score=False, round=4, verbose=True, ml_usecase=None, preprocess=True, encode_labels=<function _SupervisedExperiment.predict_model.<locals>.encode_labels at 0x7fc4d0616440>)
2024-01-07 17:37:10,151:INFO:Checking exceptions
2024-01-07 17:37:10,151:INFO:Preloading libraries
2024-01-07 17:37:10,152:INFO:Set up data.
2024-01-07 17:37:10,157:INFO:Set up index.
2024-01-07 17:37:43,450:WARNING:
'cuml' is a soft dependency and not included in the pycaret installation. Please run: `pip install cuml` to install.
2024-01-07 17:37:43,450:WARNING:
'cuml' is a soft dependency and not included in the pycaret installation. Please run: `pip install cuml` to install.
2024-01-07 17:37:43,450:WARNING:
'cuml' is a soft dependency and not included in the pycaret installation. Please run: `pip install cuml` to install.
2024-01-07 17:37:43,450:WARNING:
'cuml' is a soft dependency and not included in the pycaret installation. Please run: `pip install cuml` to install.
2024-01-07 17:37:44,364:INFO:Initializing load_model()
2024-01-07 17:37:44,364:INFO:load_model(model_name=/mnt/c/Users/lhmedina/Downloads/DataKnow/Prueba_Tecnica/Punto 6/API/Model_Prod_P6/model_prod, platform=None, authentication=None, verbose=True)
2024-01-07 17:37:44,443:WARNING:/mnt/c/Users/lhmedina/Downloads/DataKnow/Prueba_Tecnica/Punto 6/API/api/lib/python3.10/site-packages/pycaret/internal/pipeline.py:145: UserWarning: Version mismatch:
current: {'deps_info': {'pip': '23.3.1', 'setuptools': '69.0.2', 'pycaret': '3.2.0', 'IPython': '8.19.0', 'ipywidgets': '8.1.1', 'tqdm': '4.66.1', 'numpy': '1.25.2', 'pandas': '1.5.3', 'jinja2': '3.1.2', 'scipy': '1.10.1', 'joblib': '1.3.2', 'sklearn': '1.2.2', 'pyod': '1.1.2', 'imblearn': '0.11.0', 'category_encoders': '2.6.3', 'lightgbm': '4.2.0', 'numba': '0.58.1', 'requests': '2.31.0', 'matplotlib': '3.6.0', 'scikitplot': '0.3.7', 'yellowbrick': '1.5', 'plotly': '5.18.0', 'plotly-resampler': 'Not installed', 'kaleido': '0.2.1', 'schemdraw': '0.15', 'statsmodels': '0.14.1', 'sktime': '0.21.1', 'tbats': '1.1.3', 'pmdarima': '2.0.4', 'psutil': '5.9.7', 'markupsafe': '2.1.3', 'pickle5': 'Not installed', 'cloudpickle': '3.0.0', 'deprecation': '2.1.0', 'xxhash': '3.4.1', 'wurlitzer': '3.0.3'}, 'python': {'version': '3.10.9', 'machine': 'x86_64'}}
pickle: {'deps_info': {'pip': '23.1.2', 'setuptools': '67.7.2', 'pycaret': '3.2.0', 'IPython': '7.34.0', 'ipywidgets': '7.7.1', 'tqdm': '4.66.1', 'numpy': '1.23.5', 'pandas': '1.5.3', 'jinja2': '3.1.2', 'scipy': '1.10.1', 'joblib': '1.3.2', 'sklearn': '1.2.2', 'pyod': '1.1.2', 'imblearn': '0.10.1', 'category_encoders': '2.6.3', 'lightgbm': '4.1.0', 'numba': '0.58.1', 'requests': '2.31.0', 'matplotlib': '3.6.0', 'scikitplot': '0.3.7', 'yellowbrick': '1.5', 'plotly': '5.15.0', 'plotly-resampler': 'Not installed', 'kaleido': '0.2.1', 'schemdraw': '0.15', 'statsmodels': '0.14.1', 'sktime': '0.21.1', 'tbats': '1.1.3', 'pmdarima': '2.0.4', 'psutil': '5.9.5', 'markupsafe': '2.1.3', 'pickle5': 'Not installed', 'cloudpickle': '2.2.1', 'deprecation': '2.1.0', 'xxhash': '3.4.1', 'wurlitzer': '3.0.3'}, 'python': {'version': '3.10.12', 'machine': 'x86_64'}}
  warnings.warn(

2024-01-07 17:37:56,267:INFO:Initializing predict_model()
2024-01-07 17:37:56,267:INFO:predict_model(self=<pycaret.classification.oop.ClassificationExperiment object at 0x7f28bf4428f0>, estimator=Pipeline(memory=Memory(location=None),
         steps=[('numerical_imputer',
                 TransformerWrapper(include=['INGRESOS', 'EGRESOS',
                                             'Dist_Mean_NAL', 'Dist_sum_NAL',
                                             'FECHA_VIN', 'FECHA',
                                             'OFICINA_VIN', 'VALOR', 'HORA_AUX',
                                             'EDAD'],
                                    transformer=SimpleImputer())),
                ('categorical_imputer',
                 TransformerWrapper(include=[],
                                    transformer=SimpleImputer(strategy='most_frequent'))),
                ('trained_model', LGBMClassifier(n_jobs=-1, random_state=0))]), probability_threshold=None, encoded_labels=False, raw_score=False, round=4, verbose=True, ml_usecase=None, preprocess=True, encode_labels=<function _SupervisedExperiment.predict_model.<locals>.encode_labels at 0x7f28bf436170>)
2024-01-07 17:37:56,267:INFO:Checking exceptions
2024-01-07 17:37:56,267:INFO:Preloading libraries
2024-01-07 17:37:56,267:INFO:Set up data.
2024-01-07 17:37:56,268:WARNING:/mnt/c/Users/lhmedina/Downloads/DataKnow/Prueba_Tecnica/Punto 6/API/api/lib/python3.10/site-packages/numpy/core/getlimits.py:542: UserWarning: Signature b'\x00\xd0\xcc\xcc\xcc\xcc\xcc\xcc\xfb\xbf\x00\x00\x00\x00\x00\x00' for <class 'numpy.longdouble'> does not match any known type: falling back to type probe function.
This warnings indicates broken support for the dtype!
  machar = _get_machar(dtype)

2024-01-07 17:37:56,370:INFO:Set up index.
2024-01-07 17:38:20,867:WARNING:
'cuml' is a soft dependency and not included in the pycaret installation. Please run: `pip install cuml` to install.
2024-01-07 17:38:20,867:WARNING:
'cuml' is a soft dependency and not included in the pycaret installation. Please run: `pip install cuml` to install.
2024-01-07 17:38:20,867:WARNING:
'cuml' is a soft dependency and not included in the pycaret installation. Please run: `pip install cuml` to install.
2024-01-07 17:38:20,867:WARNING:
'cuml' is a soft dependency and not included in the pycaret installation. Please run: `pip install cuml` to install.
2024-01-07 17:38:21,808:INFO:Initializing load_model()
2024-01-07 17:38:21,808:INFO:load_model(model_name=/mnt/c/Users/lhmedina/Downloads/DataKnow/Prueba_Tecnica/Punto 6/API/Model_Prod_P6/model_prod, platform=None, authentication=None, verbose=True)
2024-01-07 17:38:21,888:WARNING:/mnt/c/Users/lhmedina/Downloads/DataKnow/Prueba_Tecnica/Punto 6/API/api/lib/python3.10/site-packages/pycaret/internal/pipeline.py:145: UserWarning: Version mismatch:
current: {'deps_info': {'pip': '23.3.1', 'setuptools': '69.0.2', 'pycaret': '3.2.0', 'IPython': '8.19.0', 'ipywidgets': '8.1.1', 'tqdm': '4.66.1', 'numpy': '1.25.2', 'pandas': '1.5.3', 'jinja2': '3.1.2', 'scipy': '1.10.1', 'joblib': '1.3.2', 'sklearn': '1.2.2', 'pyod': '1.1.2', 'imblearn': '0.11.0', 'category_encoders': '2.6.3', 'lightgbm': '4.2.0', 'numba': '0.58.1', 'requests': '2.31.0', 'matplotlib': '3.6.0', 'scikitplot': '0.3.7', 'yellowbrick': '1.5', 'plotly': '5.18.0', 'plotly-resampler': 'Not installed', 'kaleido': '0.2.1', 'schemdraw': '0.15', 'statsmodels': '0.14.1', 'sktime': '0.21.1', 'tbats': '1.1.3', 'pmdarima': '2.0.4', 'psutil': '5.9.7', 'markupsafe': '2.1.3', 'pickle5': 'Not installed', 'cloudpickle': '3.0.0', 'deprecation': '2.1.0', 'xxhash': '3.4.1', 'wurlitzer': '3.0.3'}, 'python': {'version': '3.10.9', 'machine': 'x86_64'}}
pickle: {'deps_info': {'pip': '23.1.2', 'setuptools': '67.7.2', 'pycaret': '3.2.0', 'IPython': '7.34.0', 'ipywidgets': '7.7.1', 'tqdm': '4.66.1', 'numpy': '1.23.5', 'pandas': '1.5.3', 'jinja2': '3.1.2', 'scipy': '1.10.1', 'joblib': '1.3.2', 'sklearn': '1.2.2', 'pyod': '1.1.2', 'imblearn': '0.10.1', 'category_encoders': '2.6.3', 'lightgbm': '4.1.0', 'numba': '0.58.1', 'requests': '2.31.0', 'matplotlib': '3.6.0', 'scikitplot': '0.3.7', 'yellowbrick': '1.5', 'plotly': '5.15.0', 'plotly-resampler': 'Not installed', 'kaleido': '0.2.1', 'schemdraw': '0.15', 'statsmodels': '0.14.1', 'sktime': '0.21.1', 'tbats': '1.1.3', 'pmdarima': '2.0.4', 'psutil': '5.9.5', 'markupsafe': '2.1.3', 'pickle5': 'Not installed', 'cloudpickle': '2.2.1', 'deprecation': '2.1.0', 'xxhash': '3.4.1', 'wurlitzer': '3.0.3'}, 'python': {'version': '3.10.12', 'machine': 'x86_64'}}
  warnings.warn(

2024-01-07 17:38:31,019:INFO:Initializing predict_model()
2024-01-07 17:38:31,019:INFO:predict_model(self=<pycaret.classification.oop.ClassificationExperiment object at 0x7f727af365f0>, estimator=Pipeline(memory=Memory(location=None),
         steps=[('numerical_imputer',
                 TransformerWrapper(include=['INGRESOS', 'EGRESOS',
                                             'Dist_Mean_NAL', 'Dist_sum_NAL',
                                             'FECHA_VIN', 'FECHA',
                                             'OFICINA_VIN', 'VALOR', 'HORA_AUX',
                                             'EDAD'],
                                    transformer=SimpleImputer())),
                ('categorical_imputer',
                 TransformerWrapper(include=[],
                                    transformer=SimpleImputer(strategy='most_frequent'))),
                ('trained_model', LGBMClassifier(n_jobs=-1, random_state=0))]), probability_threshold=None, encoded_labels=False, raw_score=False, round=4, verbose=True, ml_usecase=None, preprocess=True, encode_labels=<function _SupervisedExperiment.predict_model.<locals>.encode_labels at 0x7f727af26170>)
2024-01-07 17:38:31,019:INFO:Checking exceptions
2024-01-07 17:38:31,019:INFO:Preloading libraries
2024-01-07 17:38:31,020:INFO:Set up data.
2024-01-07 17:38:31,021:WARNING:/mnt/c/Users/lhmedina/Downloads/DataKnow/Prueba_Tecnica/Punto 6/API/api/lib/python3.10/site-packages/numpy/core/getlimits.py:542: UserWarning: Signature b'\x00\xd0\xcc\xcc\xcc\xcc\xcc\xcc\xfb\xbf\x00\x00\x00\x00\x00\x00' for <class 'numpy.longdouble'> does not match any known type: falling back to type probe function.
This warnings indicates broken support for the dtype!
  machar = _get_machar(dtype)

2024-01-07 17:38:31,140:INFO:Set up index.
2024-01-07 17:58:19,481:INFO:Initializing predict_model()
2024-01-07 17:58:19,481:INFO:predict_model(self=<pycaret.classification.oop.ClassificationExperiment object at 0x7f727af37070>, estimator=Pipeline(memory=Memory(location=None),
         steps=[('numerical_imputer',
                 TransformerWrapper(include=['INGRESOS', 'EGRESOS',
                                             'Dist_Mean_NAL', 'Dist_sum_NAL',
                                             'FECHA_VIN', 'FECHA',
                                             'OFICINA_VIN', 'VALOR', 'HORA_AUX',
                                             'EDAD'],
                                    transformer=SimpleImputer())),
                ('categorical_imputer',
                 TransformerWrapper(include=[],
                                    transformer=SimpleImputer(strategy='most_frequent'))),
                ('trained_model', LGBMClassifier(n_jobs=-1, random_state=0))]), probability_threshold=None, encoded_labels=False, raw_score=False, round=4, verbose=True, ml_usecase=None, preprocess=True, encode_labels=<function _SupervisedExperiment.predict_model.<locals>.encode_labels at 0x7f727af263b0>)
2024-01-07 17:58:19,481:INFO:Checking exceptions
2024-01-07 17:58:19,481:INFO:Preloading libraries
2024-01-07 17:58:19,481:INFO:Set up data.
2024-01-07 17:58:19,484:INFO:Set up index.
2024-01-07 19:10:58,981:WARNING:
'cuml' is a soft dependency and not included in the pycaret installation. Please run: `pip install cuml` to install.
2024-01-07 19:10:58,982:WARNING:
'cuml' is a soft dependency and not included in the pycaret installation. Please run: `pip install cuml` to install.
2024-01-07 19:10:58,982:WARNING:
'cuml' is a soft dependency and not included in the pycaret installation. Please run: `pip install cuml` to install.
2024-01-07 19:10:58,982:WARNING:
'cuml' is a soft dependency and not included in the pycaret installation. Please run: `pip install cuml` to install.
2024-01-07 19:11:01,169:INFO:Initializing load_model()
2024-01-07 19:11:01,169:INFO:load_model(model_name=/home/ubuntu/API-AWS-DecFraude/Model_Prod_P6/model_prod, platform=None, authentication=None, verbose=True)
